<?xml version="1.0" encoding="UTF-8"?>
<testng-results skipped="0" failed="3" total="4" passed="1">
  <reporter-output>
    <line>
      <![CDATA[Home pages is displayed]]>
    </line>
    <line>
      <![CDATA[Testcase Tc1 is pass ]]>
    </line>
    <line>
      <![CDATA[Home page is not displayed]]>
    </line>
    <line>
      <![CDATA[Testcase Tc1 is fail ]]>
    </line>
    <line>
      <![CDATA[Home page is not displayed]]>
    </line>
    <line>
      <![CDATA[Testcase Tc1 is fail ]]>
    </line>
    <line>
      <![CDATA[Home page is not displayed]]>
    </line>
    <line>
      <![CDATA[Testcase Tc1 is fail ]]>
    </line>
  </reporter-output>
  <suite name="Default suite" duration-ms="144562" started-at="2020-12-05T08:58:07Z" finished-at="2020-12-05T09:00:32Z">
    <groups>
    </groups>
    <test name="Default test" duration-ms="144562" started-at="2020-12-05T08:58:07Z" finished-at="2020-12-05T09:00:32Z">
      <class name="Org.qsp.TestData.ValidInvalidLogin">
        <test-method status="PASS" signature="OpenBrowser()[pri:0, instance:Org.qsp.TestData.ValidInvalidLogin@3834d63f]" name="OpenBrowser" is-config="true" duration-ms="26505" started-at="2020-12-05T14:28:09Z" finished-at="2020-12-05T14:28:35Z">
          <reporter-output>
          </reporter-output>
        </test-method> <!-- OpenBrowser -->
        <test-method status="PASS" signature="Tc1(java.lang.String, java.lang.String)[pri:0, instance:Org.qsp.TestData.ValidInvalidLogin@3834d63f]" name="Tc1" duration-ms="8290" started-at="2020-12-05T14:28:35Z" data-provider="readExcel" finished-at="2020-12-05T14:28:44Z">
          <params>
            <param index="0">
              <value>
                <![CDATA[admin]]>
              </value>
            </param>
            <param index="1">
              <value>
                <![CDATA[manager]]>
              </value>
            </param>
          </params>
          <reporter-output>
            <line>
              <![CDATA[Home pages is displayed]]>
            </line>
          </reporter-output>
        </test-method> <!-- Tc1 -->
        <test-method status="PASS" signature="closeBrowser(org.testng.ITestResult)[pri:0, instance:Org.qsp.TestData.ValidInvalidLogin@3834d63f]" name="closeBrowser" is-config="true" duration-ms="227" started-at="2020-12-05T14:28:44Z" finished-at="2020-12-05T14:28:44Z">
          <params>
            <param index="0">
              <value>
                <![CDATA[[TestResult name=Tc1 status=SUCCESS method=ValidInvalidLogin.Tc1(java.lang.String, java.lang.String)[pri:0, instance:Org.qsp.TestData.ValidInvalidLogin@3834d63f] output=Home pages is displayed]]]>
              </value>
            </param>
          </params>
          <reporter-output>
            <line>
              <![CDATA[Testcase Tc1 is pass ]]>
            </line>
          </reporter-output>
        </test-method> <!-- closeBrowser -->
        <test-method status="PASS" signature="OpenBrowser()[pri:0, instance:Org.qsp.TestData.ValidInvalidLogin@3834d63f]" name="OpenBrowser" is-config="true" duration-ms="27414" started-at="2020-12-05T14:28:44Z" finished-at="2020-12-05T14:29:11Z">
          <reporter-output>
          </reporter-output>
        </test-method> <!-- OpenBrowser -->
        <test-method status="FAIL" signature="Tc1(java.lang.String, java.lang.String)[pri:0, instance:Org.qsp.TestData.ValidInvalidLogin@3834d63f]" name="Tc1" duration-ms="10464" started-at="2020-12-05T14:29:11Z" data-provider="readExcel" finished-at="2020-12-05T14:29:22Z">
          <params>
            <param index="0">
              <value>
                <![CDATA[admin]]>
              </value>
            </param>
            <param index="1">
              <value>
                <![CDATA[admin]]>
              </value>
            </param>
          </params>
          <exception class="java.lang.AssertionError">
            <message>
              <![CDATA[null]]>
            </message>
            <full-stacktrace>
              <![CDATA[java.lang.AssertionError: null
	at org.testng.Assert.fail(Assert.java:94)
	at org.testng.Assert.fail(Assert.java:101)
	at Org.qsp.pom.HomePage.verifyHomePageIsDisplayed(HomePage.java:18)
	at Org.qsp.TestData.ValidInvalidLogin.Tc1(ValidInvalidLogin.java:18)
	at sun.reflect.NativeMethodAccessorImpl.invoke0(Native Method)
	at sun.reflect.NativeMethodAccessorImpl.invoke(NativeMethodAccessorImpl.java:62)
	at sun.reflect.DelegatingMethodAccessorImpl.invoke(DelegatingMethodAccessorImpl.java:43)
	at java.lang.reflect.Method.invoke(Method.java:498)
	at org.testng.internal.MethodInvocationHelper.invokeMethod(MethodInvocationHelper.java:86)
	at org.testng.internal.Invoker.invokeMethod(Invoker.java:645)
	at org.testng.internal.Invoker.invokeTestMethod(Invoker.java:822)
	at org.testng.internal.Invoker.invokeTestMethods(Invoker.java:1130)
	at org.testng.internal.TestMethodWorker.invokeTestMethods(TestMethodWorker.java:129)
	at org.testng.internal.TestMethodWorker.run(TestMethodWorker.java:112)
	at org.testng.TestRunner.privateRun(TestRunner.java:782)
	at org.testng.TestRunner.run(TestRunner.java:632)
	at org.testng.SuiteRunner.runTest(SuiteRunner.java:366)
	at org.testng.SuiteRunner.runSequentially(SuiteRunner.java:361)
	at org.testng.SuiteRunner.privateRun(SuiteRunner.java:319)
	at org.testng.SuiteRunner.run(SuiteRunner.java:268)
	at org.testng.SuiteRunnerWorker.runSuite(SuiteRunnerWorker.java:52)
	at org.testng.SuiteRunnerWorker.run(SuiteRunnerWorker.java:86)
	at org.testng.TestNG.runSuitesSequentially(TestNG.java:1244)
	at org.testng.TestNG.runSuitesLocally(TestNG.java:1169)
	at org.testng.TestNG.run(TestNG.java:1064)
	at org.testng.remote.RemoteTestNG.run(RemoteTestNG.java:113)
	at org.testng.remote.RemoteTestNG.initAndRun(RemoteTestNG.java:206)
	at org.testng.remote.RemoteTestNG.main(RemoteTestNG.java:177)
]]>
            </full-stacktrace>
          </exception> <!-- java.lang.AssertionError -->
          <reporter-output>
            <line>
              <![CDATA[Home page is not displayed]]>
            </line>
          </reporter-output>
        </test-method> <!-- Tc1 -->
        <test-method status="PASS" signature="closeBrowser(org.testng.ITestResult)[pri:0, instance:Org.qsp.TestData.ValidInvalidLogin@3834d63f]" name="closeBrowser" is-config="true" duration-ms="605" started-at="2020-12-05T14:29:22Z" finished-at="2020-12-05T14:29:22Z">
          <params>
            <param index="0">
              <value>
                <![CDATA[[TestResult name=Tc1 status=FAILURE method=ValidInvalidLogin.Tc1(java.lang.String, java.lang.String)[pri:0, instance:Org.qsp.TestData.ValidInvalidLogin@3834d63f] output=Home page is not displayed]]]>
              </value>
            </param>
          </params>
          <reporter-output>
            <line>
              <![CDATA[Testcase Tc1 is fail ]]>
            </line>
          </reporter-output>
        </test-method> <!-- closeBrowser -->
        <test-method status="PASS" signature="OpenBrowser()[pri:0, instance:Org.qsp.TestData.ValidInvalidLogin@3834d63f]" name="OpenBrowser" is-config="true" duration-ms="25564" started-at="2020-12-05T14:29:22Z" finished-at="2020-12-05T14:29:48Z">
          <reporter-output>
          </reporter-output>
        </test-method> <!-- OpenBrowser -->
        <test-method status="FAIL" signature="Tc1(java.lang.String, java.lang.String)[pri:0, instance:Org.qsp.TestData.ValidInvalidLogin@3834d63f]" name="Tc1" duration-ms="10460" started-at="2020-12-05T14:29:48Z" data-provider="readExcel" finished-at="2020-12-05T14:29:58Z">
          <params>
            <param index="0">
              <value>
                <![CDATA[ankur]]>
              </value>
            </param>
            <param index="1">
              <value>
                <![CDATA[verma]]>
              </value>
            </param>
          </params>
          <exception class="java.lang.AssertionError">
            <message>
              <![CDATA[null]]>
            </message>
            <full-stacktrace>
              <![CDATA[java.lang.AssertionError: null
	at org.testng.Assert.fail(Assert.java:94)
	at org.testng.Assert.fail(Assert.java:101)
	at Org.qsp.pom.HomePage.verifyHomePageIsDisplayed(HomePage.java:18)
	at Org.qsp.TestData.ValidInvalidLogin.Tc1(ValidInvalidLogin.java:18)
	at sun.reflect.NativeMethodAccessorImpl.invoke0(Native Method)
	at sun.reflect.NativeMethodAccessorImpl.invoke(NativeMethodAccessorImpl.java:62)
	at sun.reflect.DelegatingMethodAccessorImpl.invoke(DelegatingMethodAccessorImpl.java:43)
	at java.lang.reflect.Method.invoke(Method.java:498)
	at org.testng.internal.MethodInvocationHelper.invokeMethod(MethodInvocationHelper.java:86)
	at org.testng.internal.Invoker.invokeMethod(Invoker.java:645)
	at org.testng.internal.Invoker.invokeTestMethod(Invoker.java:822)
	at org.testng.internal.Invoker.invokeTestMethods(Invoker.java:1130)
	at org.testng.internal.TestMethodWorker.invokeTestMethods(TestMethodWorker.java:129)
	at org.testng.internal.TestMethodWorker.run(TestMethodWorker.java:112)
	at org.testng.TestRunner.privateRun(TestRunner.java:782)
	at org.testng.TestRunner.run(TestRunner.java:632)
	at org.testng.SuiteRunner.runTest(SuiteRunner.java:366)
	at org.testng.SuiteRunner.runSequentially(SuiteRunner.java:361)
	at org.testng.SuiteRunner.privateRun(SuiteRunner.java:319)
	at org.testng.SuiteRunner.run(SuiteRunner.java:268)
	at org.testng.SuiteRunnerWorker.runSuite(SuiteRunnerWorker.java:52)
	at org.testng.SuiteRunnerWorker.run(SuiteRunnerWorker.java:86)
	at org.testng.TestNG.runSuitesSequentially(TestNG.java:1244)
	at org.testng.TestNG.runSuitesLocally(TestNG.java:1169)
	at org.testng.TestNG.run(TestNG.java:1064)
	at org.testng.remote.RemoteTestNG.run(RemoteTestNG.java:113)
	at org.testng.remote.RemoteTestNG.initAndRun(RemoteTestNG.java:206)
	at org.testng.remote.RemoteTestNG.main(RemoteTestNG.java:177)
]]>
            </full-stacktrace>
          </exception> <!-- java.lang.AssertionError -->
          <reporter-output>
            <line>
              <![CDATA[Home page is not displayed]]>
            </line>
          </reporter-output>
        </test-method> <!-- Tc1 -->
        <test-method status="PASS" signature="closeBrowser(org.testng.ITestResult)[pri:0, instance:Org.qsp.TestData.ValidInvalidLogin@3834d63f]" name="closeBrowser" is-config="true" duration-ms="473" started-at="2020-12-05T14:29:58Z" finished-at="2020-12-05T14:29:59Z">
          <params>
            <param index="0">
              <value>
                <![CDATA[[TestResult name=Tc1 status=FAILURE method=ValidInvalidLogin.Tc1(java.lang.String, java.lang.String)[pri:0, instance:Org.qsp.TestData.ValidInvalidLogin@3834d63f] output=Home page is not displayed]]]>
              </value>
            </param>
          </params>
          <reporter-output>
            <line>
              <![CDATA[Testcase Tc1 is fail ]]>
            </line>
          </reporter-output>
        </test-method> <!-- closeBrowser -->
        <test-method status="PASS" signature="OpenBrowser()[pri:0, instance:Org.qsp.TestData.ValidInvalidLogin@3834d63f]" name="OpenBrowser" is-config="true" duration-ms="21738" started-at="2020-12-05T14:29:59Z" finished-at="2020-12-05T14:30:21Z">
          <reporter-output>
          </reporter-output>
        </test-method> <!-- OpenBrowser -->
        <test-method status="FAIL" signature="Tc1(java.lang.String, java.lang.String)[pri:0, instance:Org.qsp.TestData.ValidInvalidLogin@3834d63f]" name="Tc1" duration-ms="10913" started-at="2020-12-05T14:30:21Z" data-provider="readExcel" finished-at="2020-12-05T14:30:31Z">
          <params>
            <param index="0">
              <value>
                <![CDATA[manager]]>
              </value>
            </param>
            <param index="1">
              <value>
                <![CDATA[admin]]>
              </value>
            </param>
          </params>
          <exception class="java.lang.AssertionError">
            <message>
              <![CDATA[null]]>
            </message>
            <full-stacktrace>
              <![CDATA[java.lang.AssertionError: null
	at org.testng.Assert.fail(Assert.java:94)
	at org.testng.Assert.fail(Assert.java:101)
	at Org.qsp.pom.HomePage.verifyHomePageIsDisplayed(HomePage.java:18)
	at Org.qsp.TestData.ValidInvalidLogin.Tc1(ValidInvalidLogin.java:18)
	at sun.reflect.NativeMethodAccessorImpl.invoke0(Native Method)
	at sun.reflect.NativeMethodAccessorImpl.invoke(NativeMethodAccessorImpl.java:62)
	at sun.reflect.DelegatingMethodAccessorImpl.invoke(DelegatingMethodAccessorImpl.java:43)
	at java.lang.reflect.Method.invoke(Method.java:498)
	at org.testng.internal.MethodInvocationHelper.invokeMethod(MethodInvocationHelper.java:86)
	at org.testng.internal.Invoker.invokeMethod(Invoker.java:645)
	at org.testng.internal.Invoker.invokeTestMethod(Invoker.java:822)
	at org.testng.internal.Invoker.invokeTestMethods(Invoker.java:1130)
	at org.testng.internal.TestMethodWorker.invokeTestMethods(TestMethodWorker.java:129)
	at org.testng.internal.TestMethodWorker.run(TestMethodWorker.java:112)
	at org.testng.TestRunner.privateRun(TestRunner.java:782)
	at org.testng.TestRunner.run(TestRunner.java:632)
	at org.testng.SuiteRunner.runTest(SuiteRunner.java:366)
	at org.testng.SuiteRunner.runSequentially(SuiteRunner.java:361)
	at org.testng.SuiteRunner.privateRun(SuiteRunner.java:319)
	at org.testng.SuiteRunner.run(SuiteRunner.java:268)
	at org.testng.SuiteRunnerWorker.runSuite(SuiteRunnerWorker.java:52)
	at org.testng.SuiteRunnerWorker.run(SuiteRunnerWorker.java:86)
	at org.testng.TestNG.runSuitesSequentially(TestNG.java:1244)
	at org.testng.TestNG.runSuitesLocally(TestNG.java:1169)
	at org.testng.TestNG.run(TestNG.java:1064)
	at org.testng.remote.RemoteTestNG.run(RemoteTestNG.java:113)
	at org.testng.remote.RemoteTestNG.initAndRun(RemoteTestNG.java:206)
	at org.testng.remote.RemoteTestNG.main(RemoteTestNG.java:177)
]]>
            </full-stacktrace>
          </exception> <!-- java.lang.AssertionError -->
          <reporter-output>
            <line>
              <![CDATA[Home page is not displayed]]>
            </line>
          </reporter-output>
        </test-method> <!-- Tc1 -->
        <test-method status="PASS" signature="closeBrowser(org.testng.ITestResult)[pri:0, instance:Org.qsp.TestData.ValidInvalidLogin@3834d63f]" name="closeBrowser" is-config="true" duration-ms="515" started-at="2020-12-05T14:30:31Z" finished-at="2020-12-05T14:30:32Z">
          <params>
            <param index="0">
              <value>
                <![CDATA[[TestResult name=Tc1 status=FAILURE method=ValidInvalidLogin.Tc1(java.lang.String, java.lang.String)[pri:0, instance:Org.qsp.TestData.ValidInvalidLogin@3834d63f] output=Home page is not displayed]]]>
              </value>
            </param>
          </params>
          <reporter-output>
            <line>
              <![CDATA[Testcase Tc1 is fail ]]>
            </line>
          </reporter-output>
        </test-method> <!-- closeBrowser -->
      </class> <!-- Org.qsp.TestData.ValidInvalidLogin -->
    </test> <!-- Default test -->
  </suite> <!-- Default suite -->
</testng-results>
